2024-06-09T05:50:36.508+08:00  INFO 6500 --- [main] com.example.ReactMallBackedApplication   : Starting ReactMallBackedApplication using Java 17.0.11 with PID 6500 (D:\大三下（2024春）\轻量化平台开发\第四次作业\react-mall-backend-new\target\classes started by Lenovo in D:\大三下（2024春）\轻量化平台开发\第四次作业\react-mall-backend-new)
2024-06-09T05:50:36.511+08:00  INFO 6500 --- [main] com.example.ReactMallBackedApplication   : No active profile set, falling back to 1 default profile: "default"
2024-06-09T05:50:37.560+08:00  INFO 6500 --- [main] o.s.b.w.embedded.tomcat.TomcatWebServer  : Tomcat initialized with port 8081 (http)
2024-06-09T05:50:37.571+08:00  INFO 6500 --- [main] o.apache.catalina.core.StandardService   : Starting service [Tomcat]
2024-06-09T05:50:37.571+08:00  INFO 6500 --- [main] o.apache.catalina.core.StandardEngine    : Starting Servlet engine: [Apache Tomcat/10.1.24]
2024-06-09T05:50:37.645+08:00  INFO 6500 --- [main] o.a.c.c.C.[Tomcat].[localhost].[/]       : Initializing Spring embedded WebApplicationContext
2024-06-09T05:50:37.646+08:00  INFO 6500 --- [main] w.s.c.ServletWebServerApplicationContext : Root WebApplicationContext: initialization completed in 1097 ms
2024-06-09T05:50:38.250+08:00  INFO 6500 --- [main] o.s.b.w.embedded.tomcat.TomcatWebServer  : Tomcat started on port 8081 (http) with context path ''
2024-06-09T05:50:38.259+08:00  INFO 6500 --- [main] com.example.ReactMallBackedApplication   : Started ReactMallBackedApplication in 2.343 seconds (process running for 3.682)
2024-06-09T05:52:23.221+08:00  INFO 6500 --- [http-nio-8081-exec-1] o.a.c.c.C.[Tomcat].[localhost].[/]       : Initializing Spring DispatcherServlet 'dispatcherServlet'
2024-06-09T05:52:23.222+08:00  INFO 6500 --- [http-nio-8081-exec-1] o.s.web.servlet.DispatcherServlet        : Initializing Servlet 'dispatcherServlet'
2024-06-09T05:52:23.224+08:00  INFO 6500 --- [http-nio-8081-exec-1] o.s.web.servlet.DispatcherServlet        : Completed initialization in 2 ms
2024-06-09T05:52:23.373+08:00  INFO 6500 --- [http-nio-8081-exec-1] com.zaxxer.hikari.HikariDataSource       : HikariPool-1 - Starting...
2024-06-09T05:52:23.906+08:00  INFO 6500 --- [http-nio-8081-exec-1] com.zaxxer.hikari.pool.HikariPool        : HikariPool-1 - Added connection com.mysql.cj.jdbc.ConnectionImpl@4b3f3ea9
2024-06-09T05:52:23.911+08:00  INFO 6500 --- [http-nio-8081-exec-1] com.zaxxer.hikari.HikariDataSource       : HikariPool-1 - Start completed.
2024-06-09T07:42:09.839+08:00  INFO 6500 --- [SpringApplicationShutdownHook] com.zaxxer.hikari.HikariDataSource       : HikariPool-1 - Shutdown initiated...
2024-06-09T07:42:09.843+08:00  INFO 6500 --- [SpringApplicationShutdownHook] com.zaxxer.hikari.HikariDataSource       : HikariPool-1 - Shutdown completed.
2024-06-09T07:42:16.418+08:00  INFO 30700 --- [main] com.example.ReactMallBackedApplication   : Starting ReactMallBackedApplication using Java 17.0.11 with PID 30700 (D:\大三下（2024春）\轻量化平台开发\第四次作业\react-mall-backend-new\target\classes started by Lenovo in D:\大三下（2024春）\轻量化平台开发\第四次作业\react-mall-backend-new)
2024-06-09T07:42:16.421+08:00  INFO 30700 --- [main] com.example.ReactMallBackedApplication   : No active profile set, falling back to 1 default profile: "default"
2024-06-09T07:42:17.754+08:00  INFO 30700 --- [main] o.s.b.w.embedded.tomcat.TomcatWebServer  : Tomcat initialized with port 8081 (http)
2024-06-09T07:42:17.776+08:00  INFO 30700 --- [main] o.apache.catalina.core.StandardService   : Starting service [Tomcat]
2024-06-09T07:42:17.776+08:00  INFO 30700 --- [main] o.apache.catalina.core.StandardEngine    : Starting Servlet engine: [Apache Tomcat/10.1.24]
2024-06-09T07:42:17.925+08:00  INFO 30700 --- [main] o.a.c.c.C.[Tomcat].[localhost].[/]       : Initializing Spring embedded WebApplicationContext
2024-06-09T07:42:17.926+08:00  INFO 30700 --- [main] w.s.c.ServletWebServerApplicationContext : Root WebApplicationContext: initialization completed in 1466 ms
2024-06-09T07:42:18.641+08:00  INFO 30700 --- [main] o.s.b.w.embedded.tomcat.TomcatWebServer  : Tomcat started on port 8081 (http) with context path ''
2024-06-09T07:42:18.650+08:00  INFO 30700 --- [main] com.example.ReactMallBackedApplication   : Started ReactMallBackedApplication in 2.733 seconds (process running for 3.336)
2024-06-09T07:52:41.186+08:00  INFO 30700 --- [http-nio-8081-exec-2] o.a.c.c.C.[Tomcat].[localhost].[/]       : Initializing Spring DispatcherServlet 'dispatcherServlet'
2024-06-09T07:52:41.190+08:00  INFO 30700 --- [http-nio-8081-exec-2] o.s.web.servlet.DispatcherServlet        : Initializing Servlet 'dispatcherServlet'
2024-06-09T07:52:41.196+08:00  INFO 30700 --- [http-nio-8081-exec-2] o.s.web.servlet.DispatcherServlet        : Completed initialization in 2 ms
2024-06-09T07:52:41.510+08:00  INFO 30700 --- [http-nio-8081-exec-3] com.zaxxer.hikari.HikariDataSource       : HikariPool-1 - Starting...
2024-06-09T07:52:42.018+08:00  INFO 30700 --- [http-nio-8081-exec-3] com.zaxxer.hikari.pool.HikariPool        : HikariPool-1 - Added connection com.mysql.cj.jdbc.ConnectionImpl@634d620a
2024-06-09T07:52:42.023+08:00  INFO 30700 --- [http-nio-8081-exec-3] com.zaxxer.hikari.HikariDataSource       : HikariPool-1 - Start completed.
2024-06-09T12:48:01.297+08:00  INFO 18212 --- [main] com.example.ReactMallBackedApplication   : Starting ReactMallBackedApplication using Java 17 with PID 18212 (E:\MY_CACHE\react-mall-backed\target\classes started by dell in E:\MY_CACHE\react-mall-backed)
2024-06-09T12:48:01.300+08:00  INFO 18212 --- [main] com.example.ReactMallBackedApplication   : No active profile set, falling back to 1 default profile: "default"
2024-06-09T12:48:02.576+08:00  INFO 18212 --- [main] o.s.b.w.embedded.tomcat.TomcatWebServer  : Tomcat initialized with port 8081 (http)
2024-06-09T12:48:02.593+08:00  INFO 18212 --- [main] o.apache.catalina.core.StandardService   : Starting service [Tomcat]
2024-06-09T12:48:02.593+08:00  INFO 18212 --- [main] o.apache.catalina.core.StandardEngine    : Starting Servlet engine: [Apache Tomcat/10.1.24]
2024-06-09T12:48:02.687+08:00  INFO 18212 --- [main] o.a.c.c.C.[Tomcat].[localhost].[/]       : Initializing Spring embedded WebApplicationContext
2024-06-09T12:48:02.688+08:00  INFO 18212 --- [main] w.s.c.ServletWebServerApplicationContext : Root WebApplicationContext: initialization completed in 1348 ms
2024-06-09T12:48:03.259+08:00  INFO 18212 --- [main] o.s.b.w.embedded.tomcat.TomcatWebServer  : Tomcat started on port 8081 (http) with context path ''
2024-06-09T12:48:03.267+08:00  INFO 18212 --- [main] com.example.ReactMallBackedApplication   : Started ReactMallBackedApplication in 2.618 seconds (process running for 3.447)
2024-06-09T12:51:00.535+08:00  INFO 18452 --- [main] com.example.ReactMallBackedApplication   : Starting ReactMallBackedApplication using Java 17 with PID 18452 (E:\MY_CACHE\react-mall-backed\target\classes started by dell in E:\MY_CACHE\react-mall-backed)
2024-06-09T12:51:00.537+08:00  INFO 18452 --- [main] com.example.ReactMallBackedApplication   : No active profile set, falling back to 1 default profile: "default"
2024-06-09T12:51:01.342+08:00  INFO 18452 --- [main] o.s.b.w.embedded.tomcat.TomcatWebServer  : Tomcat initialized with port 8081 (http)
2024-06-09T12:51:01.350+08:00  INFO 18452 --- [main] o.apache.catalina.core.StandardService   : Starting service [Tomcat]
2024-06-09T12:51:01.351+08:00  INFO 18452 --- [main] o.apache.catalina.core.StandardEngine    : Starting Servlet engine: [Apache Tomcat/10.1.24]
2024-06-09T12:51:01.406+08:00  INFO 18452 --- [main] o.a.c.c.C.[Tomcat].[localhost].[/]       : Initializing Spring embedded WebApplicationContext
2024-06-09T12:51:01.407+08:00  INFO 18452 --- [main] w.s.c.ServletWebServerApplicationContext : Root WebApplicationContext: initialization completed in 833 ms
2024-06-09T12:51:01.883+08:00  INFO 18452 --- [main] o.s.b.w.embedded.tomcat.TomcatWebServer  : Tomcat started on port 8081 (http) with context path ''
2024-06-09T12:51:01.892+08:00  INFO 18452 --- [main] com.example.ReactMallBackedApplication   : Started ReactMallBackedApplication in 1.792 seconds (process running for 2.271)
2024-06-09T12:51:46.245+08:00  INFO 18452 --- [http-nio-8081-exec-1] o.a.c.c.C.[Tomcat].[localhost].[/]       : Initializing Spring DispatcherServlet 'dispatcherServlet'
2024-06-09T12:51:46.245+08:00  INFO 18452 --- [http-nio-8081-exec-1] o.s.web.servlet.DispatcherServlet        : Initializing Servlet 'dispatcherServlet'
2024-06-09T12:51:46.246+08:00  INFO 18452 --- [http-nio-8081-exec-1] o.s.web.servlet.DispatcherServlet        : Completed initialization in 0 ms
2024-06-09T12:51:46.349+08:00  INFO 18452 --- [http-nio-8081-exec-1] com.zaxxer.hikari.HikariDataSource       : HikariPool-1 - Starting...
2024-06-09T12:51:46.696+08:00  INFO 18452 --- [http-nio-8081-exec-1] com.zaxxer.hikari.pool.HikariPool        : HikariPool-1 - Added connection com.mysql.cj.jdbc.ConnectionImpl@76a5435c
2024-06-09T12:51:46.697+08:00  INFO 18452 --- [http-nio-8081-exec-1] com.zaxxer.hikari.HikariDataSource       : HikariPool-1 - Start completed.
2024-06-09T12:51:46.868+08:00 ERROR 18452 --- [http-nio-8081-exec-1] o.a.c.c.C.[.[.[/].[dispatcherServlet]    : Servlet.service() for servlet [dispatcherServlet] in context with path [] threw exception [Request processing failed: org.springframework.dao.DataIntegrityViolationException: 
### Error updating database.  Cause: com.mysql.cj.jdbc.exceptions.MysqlDataTruncation: Data truncation: Truncated incorrect DOUBLE value: '\xAC\xED\x00\x05sr\x00\x13java.util.ArrayListx\x81\xD2\x1D\x99\xC7a\x9D\x03\x00\x01I\x00\x04sizexp\x00\x00\x00\x02w\x04\x00\x00\'
### The error may exist in com/example/mapper/CartMapper.java (best guess)
### The error may involve com.example.mapper.CartMapper.deleteAllCartByIds-Inline
### The error occurred while setting parameters
### SQL: DELETE FROM cart WHERE id IN (?)
### Cause: com.mysql.cj.jdbc.exceptions.MysqlDataTruncation: Data truncation: Truncated incorrect DOUBLE value: '\xAC\xED\x00\x05sr\x00\x13java.util.ArrayListx\x81\xD2\x1D\x99\xC7a\x9D\x03\x00\x01I\x00\x04sizexp\x00\x00\x00\x02w\x04\x00\x00\'
; Data truncation: Truncated incorrect DOUBLE value: '\xAC\xED\x00\x05sr\x00\x13java.util.ArrayListx\x81\xD2\x1D\x99\xC7a\x9D\x03\x00\x01I\x00\x04sizexp\x00\x00\x00\x02w\x04\x00\x00\'] with root cause

com.mysql.cj.jdbc.exceptions.MysqlDataTruncation: Data truncation: Truncated incorrect DOUBLE value: '\xAC\xED\x00\x05sr\x00\x13java.util.ArrayListx\x81\xD2\x1D\x99\xC7a\x9D\x03\x00\x01I\x00\x04sizexp\x00\x00\x00\x02w\x04\x00\x00\'
	at com.mysql.cj.jdbc.exceptions.SQLExceptionsMapping.translateException(SQLExceptionsMapping.java:104)
	at com.mysql.cj.jdbc.ClientPreparedStatement.executeInternal(ClientPreparedStatement.java:912)
	at com.mysql.cj.jdbc.ClientPreparedStatement.execute(ClientPreparedStatement.java:354)
	at com.zaxxer.hikari.pool.ProxyPreparedStatement.execute(ProxyPreparedStatement.java:44)
	at com.zaxxer.hikari.pool.HikariProxyPreparedStatement.execute(HikariProxyPreparedStatement.java)
	at org.apache.ibatis.executor.statement.PreparedStatementHandler.update(PreparedStatementHandler.java:48)
	at org.apache.ibatis.executor.statement.RoutingStatementHandler.update(RoutingStatementHandler.java:75)
	at org.apache.ibatis.executor.SimpleExecutor.doUpdate(SimpleExecutor.java:50)
	at org.apache.ibatis.executor.BaseExecutor.update(BaseExecutor.java:117)
	at org.apache.ibatis.executor.CachingExecutor.update(CachingExecutor.java:76)
	at org.apache.ibatis.session.defaults.DefaultSqlSession.update(DefaultSqlSession.java:197)
	at org.apache.ibatis.session.defaults.DefaultSqlSession.delete(DefaultSqlSession.java:212)
	at java.base/jdk.internal.reflect.NativeMethodAccessorImpl.invoke0(Native Method)
	at java.base/jdk.internal.reflect.NativeMethodAccessorImpl.invoke(NativeMethodAccessorImpl.java:77)
	at java.base/jdk.internal.reflect.DelegatingMethodAccessorImpl.invoke(DelegatingMethodAccessorImpl.java:43)
	at java.base/java.lang.reflect.Method.invoke(Method.java:568)
	at org.mybatis.spring.SqlSessionTemplate$SqlSessionInterceptor.invoke(SqlSessionTemplate.java:425)
	at jdk.proxy2/jdk.proxy2.$Proxy66.delete(Unknown Source)
	at org.mybatis.spring.SqlSessionTemplate.delete(SqlSessionTemplate.java:304)
	at org.apache.ibatis.binding.MapperMethod.execute(MapperMethod.java:72)
	at org.apache.ibatis.binding.MapperProxy$PlainMethodInvoker.invoke(MapperProxy.java:141)
	at org.apache.ibatis.binding.MapperProxy.invoke(MapperProxy.java:86)
	at jdk.proxy2/jdk.proxy2.$Proxy72.deleteAllCartByIds(Unknown Source)
	at com.example.service.impl.CartServiceImpl.deleteAllCart(CartServiceImpl.java:96)
	at com.example.controller.CartController.deleteAllCart(CartController.java:38)
	at java.base/jdk.internal.reflect.NativeMethodAccessorImpl.invoke0(Native Method)
	at java.base/jdk.internal.reflect.NativeMethodAccessorImpl.invoke(NativeMethodAccessorImpl.java:77)
	at java.base/jdk.internal.reflect.DelegatingMethodAccessorImpl.invoke(DelegatingMethodAccessorImpl.java:43)
	at java.base/java.lang.reflect.Method.invoke(Method.java:568)
	at org.springframework.web.method.support.InvocableHandlerMethod.doInvoke(InvocableHandlerMethod.java:255)
	at org.springframework.web.method.support.InvocableHandlerMethod.invokeForRequest(InvocableHandlerMethod.java:188)
	at org.springframework.web.servlet.mvc.method.annotation.ServletInvocableHandlerMethod.invokeAndHandle(ServletInvocableHandlerMethod.java:118)
	at org.springframework.web.servlet.mvc.method.annotation.RequestMappingHandlerAdapter.invokeHandlerMethod(RequestMappingHandlerAdapter.java:926)
	at org.springframework.web.servlet.mvc.method.annotation.RequestMappingHandlerAdapter.handleInternal(RequestMappingHandlerAdapter.java:831)
	at org.springframework.web.servlet.mvc.method.AbstractHandlerMethodAdapter.handle(AbstractHandlerMethodAdapter.java:87)
	at org.springframework.web.servlet.DispatcherServlet.doDispatch(DispatcherServlet.java:1089)
	at org.springframework.web.servlet.DispatcherServlet.doService(DispatcherServlet.java:979)
	at org.springframework.web.servlet.FrameworkServlet.processRequest(FrameworkServlet.java:1014)
	at org.springframework.web.servlet.FrameworkServlet.doPost(FrameworkServlet.java:914)
	at jakarta.servlet.http.HttpServlet.service(HttpServlet.java:590)
	at org.springframework.web.servlet.FrameworkServlet.service(FrameworkServlet.java:885)
	at jakarta.servlet.http.HttpServlet.service(HttpServlet.java:658)
	at org.apache.catalina.core.ApplicationFilterChain.internalDoFilter(ApplicationFilterChain.java:195)
	at org.apache.catalina.core.ApplicationFilterChain.doFilter(ApplicationFilterChain.java:140)
	at org.apache.tomcat.websocket.server.WsFilter.doFilter(WsFilter.java:51)
	at org.apache.catalina.core.ApplicationFilterChain.internalDoFilter(ApplicationFilterChain.java:164)
	at org.apache.catalina.core.ApplicationFilterChain.doFilter(ApplicationFilterChain.java:140)
	at org.springframework.web.filter.RequestContextFilter.doFilterInternal(RequestContextFilter.java:100)
	at org.springframework.web.filter.OncePerRequestFilter.doFilter(OncePerRequestFilter.java:116)
	at org.apache.catalina.core.ApplicationFilterChain.internalDoFilter(ApplicationFilterChain.java:164)
	at org.apache.catalina.core.ApplicationFilterChain.doFilter(ApplicationFilterChain.java:140)
	at org.springframework.web.filter.FormContentFilter.doFilterInternal(FormContentFilter.java:93)
	at org.springframework.web.filter.OncePerRequestFilter.doFilter(OncePerRequestFilter.java:116)
	at org.apache.catalina.core.ApplicationFilterChain.internalDoFilter(ApplicationFilterChain.java:164)
	at org.apache.catalina.core.ApplicationFilterChain.doFilter(ApplicationFilterChain.java:140)
	at org.springframework.web.filter.CharacterEncodingFilter.doFilterInternal(CharacterEncodingFilter.java:201)
	at org.springframework.web.filter.OncePerRequestFilter.doFilter(OncePerRequestFilter.java:116)
	at org.apache.catalina.core.ApplicationFilterChain.internalDoFilter(ApplicationFilterChain.java:164)
	at org.apache.catalina.core.ApplicationFilterChain.doFilter(ApplicationFilterChain.java:140)
	at org.apache.catalina.core.StandardWrapperValve.invoke(StandardWrapperValve.java:167)
	at org.apache.catalina.core.StandardContextValve.invoke(StandardContextValve.java:90)
	at org.apache.catalina.authenticator.AuthenticatorBase.invoke(AuthenticatorBase.java:482)
	at org.apache.catalina.core.StandardHostValve.invoke(StandardHostValve.java:115)
	at org.apache.catalina.valves.ErrorReportValve.invoke(ErrorReportValve.java:93)
	at org.apache.catalina.core.StandardEngineValve.invoke(StandardEngineValve.java:74)
	at org.apache.catalina.connector.CoyoteAdapter.service(CoyoteAdapter.java:344)
	at org.apache.coyote.http11.Http11Processor.service(Http11Processor.java:389)
	at org.apache.coyote.AbstractProcessorLight.process(AbstractProcessorLight.java:63)
	at org.apache.coyote.AbstractProtocol$ConnectionHandler.process(AbstractProtocol.java:896)
	at org.apache.tomcat.util.net.NioEndpoint$SocketProcessor.doRun(NioEndpoint.java:1741)
	at org.apache.tomcat.util.net.SocketProcessorBase.run(SocketProcessorBase.java:52)
	at org.apache.tomcat.util.threads.ThreadPoolExecutor.runWorker(ThreadPoolExecutor.java:1190)
	at org.apache.tomcat.util.threads.ThreadPoolExecutor$Worker.run(ThreadPoolExecutor.java:659)
	at org.apache.tomcat.util.threads.TaskThread$WrappingRunnable.run(TaskThread.java:63)
	at java.base/java.lang.Thread.run(Thread.java:833)

2024-06-09T12:53:23.418+08:00  INFO 18452 --- [SpringApplicationShutdownHook] com.zaxxer.hikari.HikariDataSource       : HikariPool-1 - Shutdown initiated...
2024-06-09T12:53:23.426+08:00  INFO 18452 --- [SpringApplicationShutdownHook] com.zaxxer.hikari.HikariDataSource       : HikariPool-1 - Shutdown completed.
2024-06-09T12:53:28.130+08:00  INFO 5692 --- [main] com.example.ReactMallBackedApplication   : Starting ReactMallBackedApplication using Java 17 with PID 5692 (E:\MY_CACHE\react-mall-backed\target\classes started by dell in E:\MY_CACHE\react-mall-backed)
2024-06-09T12:53:28.132+08:00  INFO 5692 --- [main] com.example.ReactMallBackedApplication   : No active profile set, falling back to 1 default profile: "default"
2024-06-09T12:53:28.878+08:00  INFO 5692 --- [main] o.s.b.w.embedded.tomcat.TomcatWebServer  : Tomcat initialized with port 8081 (http)
2024-06-09T12:53:28.887+08:00  INFO 5692 --- [main] o.apache.catalina.core.StandardService   : Starting service [Tomcat]
2024-06-09T12:53:28.887+08:00  INFO 5692 --- [main] o.apache.catalina.core.StandardEngine    : Starting Servlet engine: [Apache Tomcat/10.1.24]
2024-06-09T12:53:28.941+08:00  INFO 5692 --- [main] o.a.c.c.C.[Tomcat].[localhost].[/]       : Initializing Spring embedded WebApplicationContext
2024-06-09T12:53:28.941+08:00  INFO 5692 --- [main] w.s.c.ServletWebServerApplicationContext : Root WebApplicationContext: initialization completed in 780 ms
2024-06-09T12:53:29.493+08:00  INFO 5692 --- [main] o.s.b.w.embedded.tomcat.TomcatWebServer  : Tomcat started on port 8081 (http) with context path ''
2024-06-09T12:53:29.502+08:00  INFO 5692 --- [main] com.example.ReactMallBackedApplication   : Started ReactMallBackedApplication in 1.812 seconds (process running for 2.288)
2024-06-09T12:53:32.279+08:00  INFO 5692 --- [http-nio-8081-exec-1] o.a.c.c.C.[Tomcat].[localhost].[/]       : Initializing Spring DispatcherServlet 'dispatcherServlet'
2024-06-09T12:53:32.280+08:00  INFO 5692 --- [http-nio-8081-exec-1] o.s.web.servlet.DispatcherServlet        : Initializing Servlet 'dispatcherServlet'
2024-06-09T12:53:32.281+08:00  INFO 5692 --- [http-nio-8081-exec-1] o.s.web.servlet.DispatcherServlet        : Completed initialization in 1 ms
2024-06-09T12:53:32.373+08:00  INFO 5692 --- [http-nio-8081-exec-1] com.zaxxer.hikari.HikariDataSource       : HikariPool-1 - Starting...
2024-06-09T12:53:32.614+08:00  INFO 5692 --- [http-nio-8081-exec-1] com.zaxxer.hikari.pool.HikariPool        : HikariPool-1 - Added connection com.mysql.cj.jdbc.ConnectionImpl@470ef28b
2024-06-09T12:53:32.615+08:00  INFO 5692 --- [http-nio-8081-exec-1] com.zaxxer.hikari.HikariDataSource       : HikariPool-1 - Start completed.
2024-06-09T12:53:32.759+08:00 ERROR 5692 --- [http-nio-8081-exec-1] o.a.c.c.C.[.[.[/].[dispatcherServlet]    : Servlet.service() for servlet [dispatcherServlet] in context with path [] threw exception [Request processing failed: org.springframework.dao.DataIntegrityViolationException: 
### Error updating database.  Cause: com.mysql.cj.jdbc.exceptions.MysqlDataTruncation: Data truncation: Truncated incorrect DOUBLE value: '\xAC\xED\x00\x05sr\x00\x13java.util.ArrayListx\x81\xD2\x1D\x99\xC7a\x9D\x03\x00\x01I\x00\x04sizexp\x00\x00\x00\x02w\x04\x00\x00\'
### The error may exist in com/example/mapper/CartMapper.java (best guess)
### The error may involve com.example.mapper.CartMapper.deleteAllCartByIds-Inline
### The error occurred while setting parameters
### SQL: DELETE FROM cart WHERE id IN (?)
### Cause: com.mysql.cj.jdbc.exceptions.MysqlDataTruncation: Data truncation: Truncated incorrect DOUBLE value: '\xAC\xED\x00\x05sr\x00\x13java.util.ArrayListx\x81\xD2\x1D\x99\xC7a\x9D\x03\x00\x01I\x00\x04sizexp\x00\x00\x00\x02w\x04\x00\x00\'
; Data truncation: Truncated incorrect DOUBLE value: '\xAC\xED\x00\x05sr\x00\x13java.util.ArrayListx\x81\xD2\x1D\x99\xC7a\x9D\x03\x00\x01I\x00\x04sizexp\x00\x00\x00\x02w\x04\x00\x00\'] with root cause

com.mysql.cj.jdbc.exceptions.MysqlDataTruncation: Data truncation: Truncated incorrect DOUBLE value: '\xAC\xED\x00\x05sr\x00\x13java.util.ArrayListx\x81\xD2\x1D\x99\xC7a\x9D\x03\x00\x01I\x00\x04sizexp\x00\x00\x00\x02w\x04\x00\x00\'
	at com.mysql.cj.jdbc.exceptions.SQLExceptionsMapping.translateException(SQLExceptionsMapping.java:104)
	at com.mysql.cj.jdbc.ClientPreparedStatement.executeInternal(ClientPreparedStatement.java:912)
	at com.mysql.cj.jdbc.ClientPreparedStatement.execute(ClientPreparedStatement.java:354)
	at com.zaxxer.hikari.pool.ProxyPreparedStatement.execute(ProxyPreparedStatement.java:44)
	at com.zaxxer.hikari.pool.HikariProxyPreparedStatement.execute(HikariProxyPreparedStatement.java)
	at org.apache.ibatis.executor.statement.PreparedStatementHandler.update(PreparedStatementHandler.java:48)
	at org.apache.ibatis.executor.statement.RoutingStatementHandler.update(RoutingStatementHandler.java:75)
	at org.apache.ibatis.executor.SimpleExecutor.doUpdate(SimpleExecutor.java:50)
	at org.apache.ibatis.executor.BaseExecutor.update(BaseExecutor.java:117)
	at org.apache.ibatis.executor.CachingExecutor.update(CachingExecutor.java:76)
	at org.apache.ibatis.session.defaults.DefaultSqlSession.update(DefaultSqlSession.java:197)
	at org.apache.ibatis.session.defaults.DefaultSqlSession.delete(DefaultSqlSession.java:212)
	at java.base/jdk.internal.reflect.NativeMethodAccessorImpl.invoke0(Native Method)
	at java.base/jdk.internal.reflect.NativeMethodAccessorImpl.invoke(NativeMethodAccessorImpl.java:77)
	at java.base/jdk.internal.reflect.DelegatingMethodAccessorImpl.invoke(DelegatingMethodAccessorImpl.java:43)
	at java.base/java.lang.reflect.Method.invoke(Method.java:568)
	at org.mybatis.spring.SqlSessionTemplate$SqlSessionInterceptor.invoke(SqlSessionTemplate.java:425)
	at jdk.proxy2/jdk.proxy2.$Proxy66.delete(Unknown Source)
	at org.mybatis.spring.SqlSessionTemplate.delete(SqlSessionTemplate.java:304)
	at org.apache.ibatis.binding.MapperMethod.execute(MapperMethod.java:72)
	at org.apache.ibatis.binding.MapperProxy$PlainMethodInvoker.invoke(MapperProxy.java:141)
	at org.apache.ibatis.binding.MapperProxy.invoke(MapperProxy.java:86)
	at jdk.proxy2/jdk.proxy2.$Proxy72.deleteAllCartByIds(Unknown Source)
	at com.example.service.impl.CartServiceImpl.deleteAllCart(CartServiceImpl.java:96)
	at com.example.controller.CartController.deleteAllCart(CartController.java:40)
	at java.base/jdk.internal.reflect.NativeMethodAccessorImpl.invoke0(Native Method)
	at java.base/jdk.internal.reflect.NativeMethodAccessorImpl.invoke(NativeMethodAccessorImpl.java:77)
	at java.base/jdk.internal.reflect.DelegatingMethodAccessorImpl.invoke(DelegatingMethodAccessorImpl.java:43)
	at java.base/java.lang.reflect.Method.invoke(Method.java:568)
	at org.springframework.web.method.support.InvocableHandlerMethod.doInvoke(InvocableHandlerMethod.java:255)
	at org.springframework.web.method.support.InvocableHandlerMethod.invokeForRequest(InvocableHandlerMethod.java:188)
	at org.springframework.web.servlet.mvc.method.annotation.ServletInvocableHandlerMethod.invokeAndHandle(ServletInvocableHandlerMethod.java:118)
	at org.springframework.web.servlet.mvc.method.annotation.RequestMappingHandlerAdapter.invokeHandlerMethod(RequestMappingHandlerAdapter.java:926)
	at org.springframework.web.servlet.mvc.method.annotation.RequestMappingHandlerAdapter.handleInternal(RequestMappingHandlerAdapter.java:831)
	at org.springframework.web.servlet.mvc.method.AbstractHandlerMethodAdapter.handle(AbstractHandlerMethodAdapter.java:87)
	at org.springframework.web.servlet.DispatcherServlet.doDispatch(DispatcherServlet.java:1089)
	at org.springframework.web.servlet.DispatcherServlet.doService(DispatcherServlet.java:979)
	at org.springframework.web.servlet.FrameworkServlet.processRequest(FrameworkServlet.java:1014)
	at org.springframework.web.servlet.FrameworkServlet.doPost(FrameworkServlet.java:914)
	at jakarta.servlet.http.HttpServlet.service(HttpServlet.java:590)
	at org.springframework.web.servlet.FrameworkServlet.service(FrameworkServlet.java:885)
	at jakarta.servlet.http.HttpServlet.service(HttpServlet.java:658)
	at org.apache.catalina.core.ApplicationFilterChain.internalDoFilter(ApplicationFilterChain.java:195)
	at org.apache.catalina.core.ApplicationFilterChain.doFilter(ApplicationFilterChain.java:140)
	at org.apache.tomcat.websocket.server.WsFilter.doFilter(WsFilter.java:51)
	at org.apache.catalina.core.ApplicationFilterChain.internalDoFilter(ApplicationFilterChain.java:164)
	at org.apache.catalina.core.ApplicationFilterChain.doFilter(ApplicationFilterChain.java:140)
	at org.springframework.web.filter.RequestContextFilter.doFilterInternal(RequestContextFilter.java:100)
	at org.springframework.web.filter.OncePerRequestFilter.doFilter(OncePerRequestFilter.java:116)
	at org.apache.catalina.core.ApplicationFilterChain.internalDoFilter(ApplicationFilterChain.java:164)
	at org.apache.catalina.core.ApplicationFilterChain.doFilter(ApplicationFilterChain.java:140)
	at org.springframework.web.filter.FormContentFilter.doFilterInternal(FormContentFilter.java:93)
	at org.springframework.web.filter.OncePerRequestFilter.doFilter(OncePerRequestFilter.java:116)
	at org.apache.catalina.core.ApplicationFilterChain.internalDoFilter(ApplicationFilterChain.java:164)
	at org.apache.catalina.core.ApplicationFilterChain.doFilter(ApplicationFilterChain.java:140)
	at org.springframework.web.filter.CharacterEncodingFilter.doFilterInternal(CharacterEncodingFilter.java:201)
	at org.springframework.web.filter.OncePerRequestFilter.doFilter(OncePerRequestFilter.java:116)
	at org.apache.catalina.core.ApplicationFilterChain.internalDoFilter(ApplicationFilterChain.java:164)
	at org.apache.catalina.core.ApplicationFilterChain.doFilter(ApplicationFilterChain.java:140)
	at org.apache.catalina.core.StandardWrapperValve.invoke(StandardWrapperValve.java:167)
	at org.apache.catalina.core.StandardContextValve.invoke(StandardContextValve.java:90)
	at org.apache.catalina.authenticator.AuthenticatorBase.invoke(AuthenticatorBase.java:482)
	at org.apache.catalina.core.StandardHostValve.invoke(StandardHostValve.java:115)
	at org.apache.catalina.valves.ErrorReportValve.invoke(ErrorReportValve.java:93)
	at org.apache.catalina.core.StandardEngineValve.invoke(StandardEngineValve.java:74)
	at org.apache.catalina.connector.CoyoteAdapter.service(CoyoteAdapter.java:344)
	at org.apache.coyote.http11.Http11Processor.service(Http11Processor.java:389)
	at org.apache.coyote.AbstractProcessorLight.process(AbstractProcessorLight.java:63)
	at org.apache.coyote.AbstractProtocol$ConnectionHandler.process(AbstractProtocol.java:896)
	at org.apache.tomcat.util.net.NioEndpoint$SocketProcessor.doRun(NioEndpoint.java:1741)
	at org.apache.tomcat.util.net.SocketProcessorBase.run(SocketProcessorBase.java:52)
	at org.apache.tomcat.util.threads.ThreadPoolExecutor.runWorker(ThreadPoolExecutor.java:1190)
	at org.apache.tomcat.util.threads.ThreadPoolExecutor$Worker.run(ThreadPoolExecutor.java:659)
	at org.apache.tomcat.util.threads.TaskThread$WrappingRunnable.run(TaskThread.java:63)
	at java.base/java.lang.Thread.run(Thread.java:833)

2024-06-09T12:53:38.721+08:00  INFO 5692 --- [SpringApplicationShutdownHook] com.zaxxer.hikari.HikariDataSource       : HikariPool-1 - Shutdown initiated...
2024-06-09T12:53:38.726+08:00  INFO 5692 --- [SpringApplicationShutdownHook] com.zaxxer.hikari.HikariDataSource       : HikariPool-1 - Shutdown completed.
2024-06-09T12:56:31.394+08:00  INFO 17056 --- [main] com.example.ReactMallBackedApplication   : Starting ReactMallBackedApplication using Java 17 with PID 17056 (E:\MY_CACHE\react-mall-backed\target\classes started by dell in E:\MY_CACHE\react-mall-backed)
2024-06-09T12:56:31.397+08:00  INFO 17056 --- [main] com.example.ReactMallBackedApplication   : No active profile set, falling back to 1 default profile: "default"
2024-06-09T12:56:32.146+08:00  INFO 17056 --- [main] o.s.b.w.embedded.tomcat.TomcatWebServer  : Tomcat initialized with port 8081 (http)
2024-06-09T12:56:32.154+08:00  INFO 17056 --- [main] o.apache.catalina.core.StandardService   : Starting service [Tomcat]
2024-06-09T12:56:32.154+08:00  INFO 17056 --- [main] o.apache.catalina.core.StandardEngine    : Starting Servlet engine: [Apache Tomcat/10.1.24]
2024-06-09T12:56:32.207+08:00  INFO 17056 --- [main] o.a.c.c.C.[Tomcat].[localhost].[/]       : Initializing Spring embedded WebApplicationContext
2024-06-09T12:56:32.207+08:00  INFO 17056 --- [main] w.s.c.ServletWebServerApplicationContext : Root WebApplicationContext: initialization completed in 768 ms
2024-06-09T12:56:32.680+08:00  INFO 17056 --- [main] o.s.b.w.embedded.tomcat.TomcatWebServer  : Tomcat started on port 8081 (http) with context path ''
2024-06-09T12:56:32.686+08:00  INFO 17056 --- [main] com.example.ReactMallBackedApplication   : Started ReactMallBackedApplication in 1.742 seconds (process running for 2.308)
2024-06-09T12:56:35.315+08:00  INFO 17056 --- [http-nio-8081-exec-1] o.a.c.c.C.[Tomcat].[localhost].[/]       : Initializing Spring DispatcherServlet 'dispatcherServlet'
2024-06-09T12:56:35.316+08:00  INFO 17056 --- [http-nio-8081-exec-1] o.s.web.servlet.DispatcherServlet        : Initializing Servlet 'dispatcherServlet'
2024-06-09T12:56:35.317+08:00  INFO 17056 --- [http-nio-8081-exec-1] o.s.web.servlet.DispatcherServlet        : Completed initialization in 1 ms
2024-06-09T12:56:35.414+08:00  INFO 17056 --- [http-nio-8081-exec-1] com.zaxxer.hikari.HikariDataSource       : HikariPool-1 - Starting...
2024-06-09T12:56:35.649+08:00  INFO 17056 --- [http-nio-8081-exec-1] com.zaxxer.hikari.pool.HikariPool        : HikariPool-1 - Added connection com.mysql.cj.jdbc.ConnectionImpl@68a25cab
2024-06-09T12:56:35.651+08:00  INFO 17056 --- [http-nio-8081-exec-1] com.zaxxer.hikari.HikariDataSource       : HikariPool-1 - Start completed.
2024-06-09T12:58:24.251+08:00  INFO 17056 --- [SpringApplicationShutdownHook] com.zaxxer.hikari.HikariDataSource       : HikariPool-1 - Shutdown initiated...
2024-06-09T12:58:24.257+08:00  INFO 17056 --- [SpringApplicationShutdownHook] com.zaxxer.hikari.HikariDataSource       : HikariPool-1 - Shutdown completed.
